0 info it worked if it ends with ok
1 verbose cli [ 'C:\\Program Files\\nodejs\\node.exe',
1 verbose cli   'C:\\Program Files\\nodejs\\node_modules\\npm\\bin\\npm-cli.js',
1 verbose cli   'publish' ]
2 info using npm@3.10.10
3 info using node@v6.9.4
4 verbose publish [ '.' ]
5 silly cache add args [ '.', null ]
6 verbose cache add spec .
7 silly cache add parsed spec Result {
7 silly cache add   raw: '.',
7 silly cache add   scope: null,
7 silly cache add   escapedName: null,
7 silly cache add   name: null,
7 silly cache add   rawSpec: '.',
7 silly cache add   spec: 'C:\\projects\\generator-doeui',
7 silly cache add   type: 'directory' }
8 verbose addLocalDirectory C:\Users\Vivek.Siruvuri.DOESIS\AppData\Roaming\npm-cache\generator-doeui\5.0.0\package.tgz not in flight; packing
9 verbose correctMkdir C:\Users\Vivek.Siruvuri.DOESIS\AppData\Roaming\npm-cache correctMkdir not in flight; initializing
10 info lifecycle generator-doeui@5.0.0~prepublish: generator-doeui@5.0.0
11 verbose lifecycle generator-doeui@5.0.0~prepublish: unsafe-perm in lifecycle true
12 verbose lifecycle generator-doeui@5.0.0~prepublish: PATH: C:\Program Files\nodejs\node_modules\npm\bin\node-gyp-bin;C:\projects\generator-doeui\node_modules\.bin;C:\ProgramData\Oracle\Java\javapath;C:\Windows\system32;C:\Windows;C:\Windows\System32\Wbem;C:\Windows\System32\WindowsPowerShell\v1.0\;C:\Program Files\Git\cmd;C:\Program Files (x86)\Microsoft SQL Server\100\Tools\Binn\VSShell\Common7\IDE\;C:\Program Files (x86)\Microsoft SQL Server\100\Tools\Binn\;C:\Program Files\Microsoft SQL Server\100\Tools\Binn\;C:\Program Files (x86)\Microsoft SQL Server\100\DTS\Binn\;C:\Program Files (x86)\Microsoft SQL Server\110\Tools\Binn\ManagementStudio\;C:\Program Files (x86)\Microsoft SQL Server\110\Tools\Binn\;C:\Program Files\Microsoft SQL Server\110\Tools\Binn\;C:\Program Files (x86)\Microsoft Visual Studio 10.0\Common7\IDE\PrivateAssemblies\;C:\Program Files (x86)\Microsoft SQL Server\110\DTS\Binn\;C:\Program Files\Microsoft SQL Server\110\DTS\Binn\;C:\Program Files (x86)\Microsoft SQL Server\Client SDK\ODBC\130\Tools\Binn\;C:\Program Files (x86)\Microsoft SQL Server\130\Tools\Binn\;C:\Program Files (x86)\Microsoft SQL Server\130\DTS\Binn\;C:\Program Files (x86)\Microsoft SQL Server\130\Tools\Binn\ManagementStudio\;C:\Program Files\Microsoft SQL Server\100\DTS\Binn\;C:\Program Files\Microsoft\Web Platform Installer\;C:\Program Files (x86)\Microsoft ASP.NET\ASP.NET Web Pages\v1.0\;C:\Windows\system32\config\systemprofile\.dnx\bin;C:\Program Files\Microsoft DNX\Dnvm\;C:\Program Files\Microsoft SQL Server\130\Tools\Binn\;C:\Program Files (x86)\Microsoft Visual Studio 9.0\Common7\IDE\PrivateAssemblies\;C:\Program Files (x86)\Windows Kits\8.1\Windows Performance Toolkit\;C:\Program Files (x86)\Microsoft SDKs\TypeScript\1.0\;C:\Program Files\Microsoft SQL Server\120\Tools\Binn\;C:\Program Files\Microsoft SQL Server\Client SDK\ODBC\130\Tools\Binn\;C:\Program Files\Microsoft SQL Server\130\DTS\Binn\;C:\Program Files\nodejs\;C:\Program Files (x86)\LINQPad4;C:\Program Files\PuTTY\;C:\Program Files\TortoiseGit\bin;C:\Users\Vivek.Siruvuri.DOESIS\AppData\Local\Microsoft\WindowsApps;C:\Users\Vivek.Siruvuri.DOESIS\AppData\Roaming\npm;C:\Program Files (x86)\Microsoft VS Code\bin;C:\Program Files\KDiff3
13 verbose lifecycle generator-doeui@5.0.0~prepublish: CWD: C:\projects\generator-doeui
14 silly lifecycle generator-doeui@5.0.0~prepublish: Args: [ '/d /s /c', 'nsp check' ]
15 silly lifecycle generator-doeui@5.0.0~prepublish: Returned: code: 0  signal: null
16 verbose tar pack [ 'C:\\Users\\Vivek.Siruvuri.DOESIS\\AppData\\Roaming\\npm-cache\\generator-doeui\\5.0.0\\package.tgz',
16 verbose tar pack   'C:\\projects\\generator-doeui' ]
17 verbose tarball C:\Users\Vivek.Siruvuri.DOESIS\AppData\Roaming\npm-cache\generator-doeui\5.0.0\package.tgz
18 verbose folder C:\projects\generator-doeui
19 verbose addLocalTarball adding from inside cache C:\Users\Vivek.Siruvuri.DOESIS\AppData\Roaming\npm-cache\generator-doeui\5.0.0\package.tgz
20 verbose correctMkdir C:\Users\Vivek.Siruvuri.DOESIS\AppData\Roaming\npm-cache correctMkdir not in flight; initializing
21 silly cache afterAdd generator-doeui@5.0.0
22 verbose afterAdd C:\Users\Vivek.Siruvuri.DOESIS\AppData\Roaming\npm-cache\generator-doeui\5.0.0\package\package.json not in flight; writing
23 verbose correctMkdir C:\Users\Vivek.Siruvuri.DOESIS\AppData\Roaming\npm-cache correctMkdir not in flight; initializing
24 verbose afterAdd C:\Users\Vivek.Siruvuri.DOESIS\AppData\Roaming\npm-cache\generator-doeui\5.0.0\package\package.json written
25 silly publish { name: 'generator-doeui',
25 silly publish   version: '5.0.0',
25 silly publish   description: 'This is a generator for doe ui scaffolding',
25 silly publish   homepage: 'https://github.com/svivekvarma/generator-doeui/blob/master/README.md',
25 silly publish   author: { name: 'Vivek Siruvuri', email: 'svivekvarma@gmail.com' },
25 silly publish   files: [ 'generators' ],
25 silly publish   main: 'generators/index.js',
25 silly publish   keywords: [ 'generator-doeui', 'yeoman-generator' ],
25 silly publish   devDependencies:
25 silly publish    { 'yeoman-test': '^1.6.0',
25 silly publish      'yeoman-assert': '^3.0.0',
25 silly publish      nsp: '^2.6.3',
25 silly publish      eslint: '^3.18.0',
25 silly publish      'eslint-config-xo-space': '^0.16.0',
25 silly publish      jest: '^19.0.2',
25 silly publish      'jest-cli': '^19.0.1' },
25 silly publish   dependencies:
25 silly publish    { 'yeoman-generator': '^1.0.0',
25 silly publish      chalk: '^1.1.3',
25 silly publish      yosay: '^2.0.0' },
25 silly publish   jest: { testEnvironment: 'node' },
25 silly publish   scripts:
25 silly publish    { prepublish: 'nsp check',
25 silly publish      pretest: 'eslint . --fix',
25 silly publish      test: 'jest' },
25 silly publish   eslintConfig: { extends: 'xo-space', env: { jest: true, node: true } },
25 silly publish   repository:
25 silly publish    { type: 'git',
25 silly publish      url: 'git+https://github.com/svivekvarma/generator-doeui.git' },
25 silly publish   bugs: { url: 'https://github.com/svivekvarma/generator-doeui.git/issues' },
25 silly publish   readme: '# generator-doeui [![NPM version][npm-image]][npm-url] [![Build Status][travis-image]][travis-url] [![Dependency Status][daviddm-image]][daviddm-url]\n> This is a generator for doe ui scaffolding\n\n## Installation\n\nFirst, install [Yeoman](http://yeoman.io) and generator-doeui using [npm](https://www.npmjs.com/) (we assume you have pre-installed [node.js](https://nodejs.org/)).\n\n```bash\nnpm install -g yo\nnpm install -g generator-doeui\n```\n\nThen generate your new project:\n\n```bash\nyo doeui\n```\n\n## Getting To Know Yeoman\n\n * Yeoman has a heart of gold.\n * Yeoman is a person with feelings and opinions, but is very easy to work with.\n * Yeoman can be too opinionated at times but is easily convinced not to be.\n * Feel free to [learn more about Yeoman](http://yeoman.io/).\n\n## License\n\n © [Vivek Siruvuri]()\n\n\n[npm-image]: https://badge.fury.io/js/generator-doeui.svg\n[npm-url]: https://npmjs.org/package/generator-doeui\n[travis-image]: https://travis-ci.org/svivekvarma/generator-doeui.svg?branch=master\n[travis-url]: https://travis-ci.org/svivekvarma/generator-doeui\n[daviddm-image]: https://david-dm.org/svivekvarma/generator-doeui.svg?theme=shields.io\n[daviddm-url]: https://david-dm.org/svivekvarma/generator-doeui\n',
25 silly publish   readmeFilename: 'README.md',
25 silly publish   gitHead: '955358068e2edd23df5a45060376cb93006ed4e7',
25 silly publish   _id: 'generator-doeui@5.0.0',
25 silly publish   _shasum: 'b834d041cfe41bb0e42f657e73e82a5a13c9659f',
25 silly publish   _from: '.' }
26 verbose getPublishConfig undefined
27 silly mapToRegistry name generator-doeui
28 silly mapToRegistry using default registry
29 silly mapToRegistry registry https://registry.npmjs.org/
30 silly mapToRegistry data Result {
30 silly mapToRegistry   raw: 'generator-doeui',
30 silly mapToRegistry   scope: null,
30 silly mapToRegistry   escapedName: 'generator-doeui',
30 silly mapToRegistry   name: 'generator-doeui',
30 silly mapToRegistry   rawSpec: '',
30 silly mapToRegistry   spec: 'latest',
30 silly mapToRegistry   type: 'tag' }
31 silly mapToRegistry uri https://registry.npmjs.org/generator-doeui
32 verbose publish registryBase https://registry.npmjs.org/
33 silly publish uploading C:\Users\Vivek.Siruvuri.DOESIS\AppData\Roaming\npm-cache\generator-doeui\5.0.0\package.tgz
34 verbose request uri https://registry.npmjs.org/generator-doeui
35 verbose request sending authorization for write operation
36 info attempt registry request try #1 at 12:27:30 PM
37 verbose request using bearer token for auth
38 verbose request id 2266d54443d38ad1
39 http request PUT https://registry.npmjs.org/generator-doeui
40 http 403 https://registry.npmjs.org/generator-doeui
41 verbose headers { 'content-type': 'application/json',
41 verbose headers   'cache-control': 'max-age=300',
41 verbose headers   'content-length': '95',
41 verbose headers   'accept-ranges': 'bytes',
41 verbose headers   date: 'Tue, 02 May 2017 16:27:34 GMT',
41 verbose headers   via: '1.1 varnish',
41 verbose headers   connection: 'keep-alive',
41 verbose headers   'x-served-by': 'cache-jfk8132-JFK',
41 verbose headers   'x-cache': 'MISS',
41 verbose headers   'x-cache-hits': '0',
41 verbose headers   'x-timer': 'S1493742450.702105,VS0,VE4635',
41 verbose headers   vary: 'Accept-Encoding' }
42 verbose request invalidating C:\Users\Vivek.Siruvuri.DOESIS\AppData\Roaming\npm-cache\registry.npmjs.org\generator-doeui on PUT
43 error publish Failed PUT 403
44 verbose stack Error: "You cannot publish over the previously published version 5.0.0." : generator-doeui
44 verbose stack     at makeError (C:\Program Files\nodejs\node_modules\npm\node_modules\npm-registry-client\lib\request.js:302:12)
44 verbose stack     at CachingRegistryClient.<anonymous> (C:\Program Files\nodejs\node_modules\npm\node_modules\npm-registry-client\lib\request.js:290:14)
44 verbose stack     at Request._callback (C:\Program Files\nodejs\node_modules\npm\node_modules\npm-registry-client\lib\request.js:210:14)
44 verbose stack     at Request.self.callback (C:\Program Files\nodejs\node_modules\npm\node_modules\request\request.js:187:22)
44 verbose stack     at emitTwo (events.js:106:13)
44 verbose stack     at Request.emit (events.js:191:7)
44 verbose stack     at Request.<anonymous> (C:\Program Files\nodejs\node_modules\npm\node_modules\request\request.js:1048:10)
44 verbose stack     at emitOne (events.js:96:13)
44 verbose stack     at Request.emit (events.js:188:7)
44 verbose stack     at IncomingMessage.<anonymous> (C:\Program Files\nodejs\node_modules\npm\node_modules\request\request.js:969:12)
45 verbose statusCode 403
46 verbose pkgid generator-doeui
47 verbose cwd C:\projects\generator-doeui
48 error Windows_NT 10.0.14393
49 error argv "C:\\Program Files\\nodejs\\node.exe" "C:\\Program Files\\nodejs\\node_modules\\npm\\bin\\npm-cli.js" "publish"
50 error node v6.9.4
51 error npm  v3.10.10
52 error code E403
53 error "You cannot publish over the previously published version 5.0.0." : generator-doeui
54 error If you need help, you may report this error at:
54 error     <https://github.com/npm/npm/issues>
55 verbose exit [ 1, true ]
